TN:
SF:src\models\TaskModel.ts
FN:9,TaskModel
FN:13,findAll
FN:17,findById
FN:21,create
FN:33,update
FN:46,delete
FNF:6
FNH:2
FNDA:1,TaskModel
FNDA:0,findAll
FNDA:1,findById
FNDA:0,create
FNDA:0,update
FNDA:0,delete
DA:1,1
DA:2,1
DA:3,1
DA:4,1
DA:5,1
DA:6,1
DA:7,1
DA:8,1
DA:9,1
DA:10,1
DA:11,1
DA:12,1
DA:13,1
DA:14,0
DA:15,0
DA:16,1
DA:17,1
DA:18,1
DA:19,1
DA:20,1
DA:21,1
DA:22,0
DA:23,0
DA:24,0
DA:25,0
DA:26,0
DA:27,0
DA:28,0
DA:29,0
DA:30,0
DA:31,0
DA:32,1
DA:33,1
DA:34,0
DA:35,0
DA:36,0
DA:37,0
DA:38,0
DA:39,0
DA:40,0
DA:41,0
DA:42,0
DA:43,0
DA:44,0
DA:45,1
DA:46,1
DA:47,0
DA:48,0
DA:49,0
DA:50,0
DA:51,0
DA:52,0
DA:53,0
DA:54,0
DA:55,1
DA:56,1
DA:57,1
LF:57
LH:26
BRDA:9,0,0,1
BRDA:10,1,0,0
BRDA:17,2,0,1
BRDA:18,3,0,2
BRF:4
BRH:3
end_of_record
